<?xml version="1.0" encoding="UTF-8"?>
<!-- Generated by org.testng.reporters.JUnitXMLReporter -->
<testsuite hostname="LAPTOP-HDR2D7VE" failures="0" tests="5" name="Test" time="34.145" errors="0" timestamp="14 Dec 2023 20:52:22 GMT">
  <testcase classname="com.runner.TestRunner" name="runScenario" time="6.306"/>
  <testcase classname="com.runner.TestRunner" name="runScenario" time="5.763"/>
  <testcase classname="com.runner.TestRunner" name="runScenario" time="6.709"/>
  <testcase classname="com.runner.TestRunner" name="runScenario" time="6.789"/>
  <testcase classname="com.runner.TestRunner" name="runScenario" time="6.297"/>
</testsuite> <!-- Test -->
